# JRE version: OpenJDK Runtime Environment (21.0.5) (build 21.0.5+-12932927-b750.29)
# Java VM: OpenJDK 64-Bit Server VM (21.0.5+-12932927-b750.29, mixed mode, tiered, compressed oops, compressed class ptrs, g1 gc, windows-amd64)
GC Precious Log:
 CardTable entry size: 512
 Card Set container configuration: InlinePtr #cards 5 size 8 Array Of Cards #cards 12 size 40 Howl #buckets 4 coarsen threshold 1843 Howl Bitmap #cards 512 size 80 coarsen threshold 460 Card regions per heap region 1 cards per card region 2048
 CPUs: 16 total, 16 available
 Memory: 16068M
 Large Page Support: Disabled
 NUMA Support: Disabled
 Compressed Oops: Enabled (32-bit)
 Heap Region Size: 1M
 Heap Min Capacity: 8M
 Heap Initial Capacity: 252M
 Heap Max Capacity: 2G
 Pre-touch: Disabled
 Parallel Workers: 13
 Concurrent Workers: 3
 Concurrent Refinement Workers: 13
 Periodic GC: Disabled
Heap:
 garbage-first heap   total 181248K, used 120870K [0x0000000080000000, 0x0000000100000000)
  region size 1024K, 2 young (2048K), 1 survivors (1024K)
 Metaspace       used 99533K, committed 101568K, reserved 1179648K
  class space    used 13139K, committed 14144K, reserved 1048576K
GC Heap History (20 events):
Event: 5.055 GC heap before
{Heap before GC invocations=25 (full 0):
 garbage-first heap   total 147456K, used 117447K [0x0000000080000000, 0x0000000100000000)
  region size 1024K, 36 young (36864K), 5 survivors (5120K)
 Metaspace       used 73317K, committed 75136K, reserved 1114112K
  class space    used 9908K, committed 10816K, reserved 1048576K
}
Event: 5.057 GC heap after
{Heap after GC invocations=26 (full 0):
 garbage-first heap   total 147456K, used 87895K [0x0000000080000000, 0x0000000100000000)
  region size 1024K, 4 young (4096K), 4 survivors (4096K)
 Metaspace       used 73317K, committed 75136K, reserved 1114112K
  class space    used 9908K, committed 10816K, reserved 1048576K
}
Event: 5.148 GC heap before
{Heap before GC invocations=26 (full 0):
 garbage-first heap   total 147456K, used 131927K [0x0000000080000000, 0x0000000100000000)
  region size 1024K, 48 young (49152K), 4 survivors (4096K)
 Metaspace       used 73320K, committed 75136K, reserved 1114112K
  class space    used 9909K, committed 10816K, reserved 1048576K
}
Event: 5.150 GC heap after
{Heap after GC invocations=27 (full 0):
 garbage-first heap   total 147456K, used 87517K [0x0000000080000000, 0x0000000100000000)
  region size 1024K, 5 young (5120K), 5 survivors (5120K)
 Metaspace       used 73320K, committed 75136K, reserved 1114112K
  class space    used 9909K, committed 10816K, reserved 1048576K
}
Event: 5.213 GC heap before
{Heap before GC invocations=27 (full 0):
 garbage-first heap   total 147456K, used 101853K [0x0000000080000000, 0x0000000100000000)
  region size 1024K, 20 young (20480K), 5 survivors (5120K)
 Metaspace       used 73469K, committed 75328K, reserved 1114112K
  class space    used 9928K, committed 10880K, reserved 1048576K
}
Event: 5.214 GC heap after
{Heap after GC invocations=28 (full 0):
 garbage-first heap   total 177152K, used 88081K [0x0000000080000000, 0x0000000100000000)
  region size 1024K, 5 young (5120K), 5 survivors (5120K)
 Metaspace       used 73469K, committed 75328K, reserved 1114112K
  class space    used 9928K, committed 10880K, reserved 1048576K
}
Event: 5.220 GC heap before
{Heap before GC invocations=28 (full 0):
 garbage-first heap   total 177152K, used 89105K [0x0000000080000000, 0x0000000100000000)
  region size 1024K, 6 young (6144K), 5 survivors (5120K)
 Metaspace       used 73472K, committed 75328K, reserved 1114112K
  class space    used 9929K, committed 10880K, reserved 1048576K
}
Event: 5.221 GC heap after
{Heap after GC invocations=29 (full 0):
 garbage-first heap   total 177152K, used 89163K [0x0000000080000000, 0x0000000100000000)
  region size 1024K, 5 young (5120K), 5 survivors (5120K)
 Metaspace       used 73472K, committed 75328K, reserved 1114112K
  class space    used 9929K, committed 10880K, reserved 1048576K
}
Event: 5.745 GC heap before
{Heap before GC invocations=30 (full 0):
 garbage-first heap   total 177152K, used 161867K [0x0000000080000000, 0x0000000100000000)
  region size 1024K, 71 young (72704K), 5 survivors (5120K)
 Metaspace       used 78961K, committed 80768K, reserved 1179648K
  class space    used 10547K, committed 11456K, reserved 1048576K
}
Event: 5.747 GC heap after
{Heap after GC invocations=31 (full 0):
 garbage-first heap   total 177152K, used 100702K [0x0000000080000000, 0x0000000100000000)
  region size 1024K, 9 young (9216K), 9 survivors (9216K)
 Metaspace       used 78961K, committed 80768K, reserved 1179648K
  class space    used 10547K, committed 11456K, reserved 1048576K
}
Event: 6.096 GC heap before
{Heap before GC invocations=31 (full 0):
 garbage-first heap   total 177152K, used 161118K [0x0000000080000000, 0x0000000100000000)
  region size 1024K, 64 young (65536K), 9 survivors (9216K)
 Metaspace       used 84881K, committed 86848K, reserved 1179648K
  class space    used 11281K, committed 12288K, reserved 1048576K
}
Event: 6.101 GC heap after
{Heap after GC invocations=32 (full 0):
 garbage-first heap   total 179200K, used 108976K [0x0000000080000000, 0x0000000100000000)
  region size 1024K, 6 young (6144K), 6 survivors (6144K)
 Metaspace       used 84881K, committed 86848K, reserved 1179648K
  class space    used 11281K, committed 12288K, reserved 1048576K
}
Event: 6.115 GC heap before
{Heap before GC invocations=32 (full 0):
 garbage-first heap   total 179200K, used 113072K [0x0000000080000000, 0x0000000100000000)
  region size 1024K, 11 young (11264K), 6 survivors (6144K)
 Metaspace       used 84887K, committed 86848K, reserved 1179648K
  class space    used 11281K, committed 12288K, reserved 1048576K
}
Event: 6.117 GC heap after
{Heap after GC invocations=33 (full 0):
 garbage-first heap   total 179200K, used 105709K [0x0000000080000000, 0x0000000100000000)
  region size 1024K, 2 young (2048K), 2 survivors (2048K)
 Metaspace       used 84887K, committed 86848K, reserved 1179648K
  class space    used 11281K, committed 12288K, reserved 1048576K
}
Event: 6.462 GC heap before
{Heap before GC invocations=34 (full 0):
 garbage-first heap   total 181248K, used 163053K [0x0000000080000000, 0x0000000100000000)
  region size 1024K, 57 young (58368K), 2 survivors (2048K)
 Metaspace       used 89002K, committed 90944K, reserved 1179648K
  class space    used 11823K, committed 12800K, reserved 1048576K
}
Event: 6.464 GC heap after
{Heap after GC invocations=35 (full 0):
 garbage-first heap   total 181248K, used 109185K [0x0000000080000000, 0x0000000100000000)
  region size 1024K, 4 young (4096K), 4 survivors (4096K)
 Metaspace       used 89002K, committed 90944K, reserved 1179648K
  class space    used 11823K, committed 12800K, reserved 1048576K
}
Event: 6.961 GC heap before
{Heap before GC invocations=35 (full 0):
 garbage-first heap   total 181248K, used 165505K [0x0000000080000000, 0x0000000100000000)
  region size 1024K, 59 young (60416K), 4 survivors (4096K)
 Metaspace       used 95753K, committed 97792K, reserved 1179648K
  class space    used 12678K, committed 13696K, reserved 1048576K
}
Event: 6.967 GC heap after
{Heap after GC invocations=36 (full 0):
 garbage-first heap   total 181248K, used 112912K [0x0000000080000000, 0x0000000100000000)
  region size 1024K, 8 young (8192K), 8 survivors (8192K)
 Metaspace       used 95753K, committed 97792K, reserved 1179648K
  class space    used 12678K, committed 13696K, reserved 1048576K
}
Event: 7.159 GC heap before
{Heap before GC invocations=36 (full 0):
 garbage-first heap   total 181248K, used 136464K [0x0000000080000000, 0x0000000100000000)
  region size 1024K, 32 young (32768K), 8 survivors (8192K)
 Metaspace       used 99533K, committed 101568K, reserved 1179648K
  class space    used 13139K, committed 14144K, reserved 1048576K
}
Event: 7.162 GC heap after
{Heap after GC invocations=37 (full 0):
 garbage-first heap   total 181248K, used 113702K [0x0000000080000000, 0x0000000100000000)
  region size 1024K, 1 young (1024K), 1 survivors (1024K)
 Metaspace       used 99533K, committed 101568K, reserved 1179648K
  class space    used 13139K, committed 14144K, reserved 1048576K
}

