# JRE version: OpenJDK Runtime Environment (21.0.5) (build 21.0.5+-12932927-b750.29)
# Java VM: OpenJDK 64-Bit Server VM (21.0.5+-12932927-b750.29, mixed mode, tiered, compressed oops, compressed class ptrs, g1 gc, windows-amd64)
GC Precious Log:
 CardTable entry size: 512
 Card Set container configuration: InlinePtr #cards 5 size 8 Array Of Cards #cards 12 size 40 Howl #buckets 4 coarsen threshold 1843 Howl Bitmap #cards 512 size 80 coarsen threshold 460 Card regions per heap region 1 cards per card region 2048
 CPUs: 16 total, 16 available
 Memory: 16068M
 Large Page Support: Disabled
 NUMA Support: Disabled
 Compressed Oops: Enabled (32-bit)
 Heap Region Size: 1M
 Heap Min Capacity: 8M
 Heap Initial Capacity: 252M
 Heap Max Capacity: 2G
 Pre-touch: Disabled
 Parallel Workers: 13
 Concurrent Workers: 3
 Concurrent Refinement Workers: 13
 Periodic GC: Disabled
Heap:
 garbage-first heap   total 186368K, used 141690K [0x0000000080000000, 0x0000000100000000)
  region size 1024K, 37 young (37888K), 4 survivors (4096K)
 Metaspace       used 89830K, committed 91840K, reserved 1179648K
  class space    used 11943K, committed 12992K, reserved 1048576K
GC Heap History (20 events):
Event: 4.737 GC heap before
{Heap before GC invocations=22 (full 0):
 garbage-first heap   total 132096K, used 118036K [0x0000000080000000, 0x0000000100000000)
  region size 1024K, 42 young (43008K), 5 survivors (5120K)
 Metaspace       used 72548K, committed 74432K, reserved 1114112K
  class space    used 9907K, committed 10880K, reserved 1048576K
}
Event: 4.741 GC heap after
{Heap after GC invocations=23 (full 0):
 garbage-first heap   total 132096K, used 82440K [0x0000000080000000, 0x0000000100000000)
  region size 1024K, 6 young (6144K), 6 survivors (6144K)
 Metaspace       used 72548K, committed 74432K, reserved 1114112K
  class space    used 9907K, committed 10880K, reserved 1048576K
}
Event: 4.925 GC heap before
{Heap before GC invocations=23 (full 0):
 garbage-first heap   total 132096K, used 116232K [0x0000000080000000, 0x0000000100000000)
  region size 1024K, 40 young (40960K), 6 survivors (6144K)
 Metaspace       used 73147K, committed 75072K, reserved 1114112K
  class space    used 9927K, committed 10880K, reserved 1048576K
}
Event: 4.928 GC heap after
{Heap after GC invocations=24 (full 0):
 garbage-first heap   total 132096K, used 86858K [0x0000000080000000, 0x0000000100000000)
  region size 1024K, 5 young (5120K), 5 survivors (5120K)
 Metaspace       used 73147K, committed 75072K, reserved 1114112K
  class space    used 9927K, committed 10880K, reserved 1048576K
}
Event: 5.016 GC heap before
{Heap before GC invocations=25 (full 0):
 garbage-first heap   total 145408K, used 117578K [0x0000000080000000, 0x0000000100000000)
  region size 1024K, 36 young (36864K), 5 survivors (5120K)
 Metaspace       used 73371K, committed 75264K, reserved 1114112K
  class space    used 9927K, committed 10880K, reserved 1048576K
}
Event: 5.018 GC heap after
{Heap after GC invocations=26 (full 0):
 garbage-first heap   total 145408K, used 87914K [0x0000000080000000, 0x0000000100000000)
  region size 1024K, 4 young (4096K), 4 survivors (4096K)
 Metaspace       used 73371K, committed 75264K, reserved 1114112K
  class space    used 9927K, committed 10880K, reserved 1048576K
}
Event: 5.111 GC heap before
{Heap before GC invocations=26 (full 0):
 garbage-first heap   total 145408K, used 129898K [0x0000000080000000, 0x0000000100000000)
  region size 1024K, 46 young (47104K), 4 survivors (4096K)
 Metaspace       used 73383K, committed 75328K, reserved 1114112K
  class space    used 9928K, committed 10880K, reserved 1048576K
}
Event: 5.113 GC heap after
{Heap after GC invocations=27 (full 0):
 garbage-first heap   total 145408K, used 87756K [0x0000000080000000, 0x0000000100000000)
  region size 1024K, 5 young (5120K), 5 survivors (5120K)
 Metaspace       used 73383K, committed 75328K, reserved 1114112K
  class space    used 9928K, committed 10880K, reserved 1048576K
}
Event: 5.200 GC heap before
{Heap before GC invocations=27 (full 0):
 garbage-first heap   total 145408K, used 110284K [0x0000000080000000, 0x0000000100000000)
  region size 1024K, 29 young (29696K), 5 survivors (5120K)
 Metaspace       used 73537K, committed 75392K, reserved 1114112K
  class space    used 9947K, committed 10880K, reserved 1048576K
}
Event: 5.201 GC heap after
{Heap after GC invocations=28 (full 0):
 garbage-first heap   total 175104K, used 88658K [0x0000000080000000, 0x0000000100000000)
  region size 1024K, 4 young (4096K), 4 survivors (4096K)
 Metaspace       used 73537K, committed 75392K, reserved 1114112K
  class space    used 9947K, committed 10880K, reserved 1048576K
}
Event: 5.206 GC heap before
{Heap before GC invocations=28 (full 0):
 garbage-first heap   total 175104K, used 89682K [0x0000000080000000, 0x0000000100000000)
  region size 1024K, 5 young (5120K), 4 survivors (4096K)
 Metaspace       used 73540K, committed 75392K, reserved 1114112K
  class space    used 9948K, committed 10880K, reserved 1048576K
}
Event: 5.208 GC heap after
{Heap after GC invocations=29 (full 0):
 garbage-first heap   total 175104K, used 89906K [0x0000000080000000, 0x0000000100000000)
  region size 1024K, 4 young (4096K), 4 survivors (4096K)
 Metaspace       used 73540K, committed 75392K, reserved 1114112K
  class space    used 9948K, committed 10880K, reserved 1048576K
}
Event: 5.712 GC heap before
{Heap before GC invocations=30 (full 0):
 garbage-first heap   total 175104K, used 159538K [0x0000000080000000, 0x0000000100000000)
  region size 1024K, 67 young (68608K), 4 survivors (4096K)
 Metaspace       used 78510K, committed 80384K, reserved 1179648K
  class space    used 10514K, committed 11456K, reserved 1048576K
}
Event: 5.715 GC heap after
{Heap after GC invocations=31 (full 0):
 garbage-first heap   total 175104K, used 101204K [0x0000000080000000, 0x0000000100000000)
  region size 1024K, 9 young (9216K), 9 survivors (9216K)
 Metaspace       used 78510K, committed 80384K, reserved 1179648K
  class space    used 10514K, committed 11456K, reserved 1048576K
}
Event: 6.094 GC heap before
{Heap before GC invocations=31 (full 0):
 garbage-first heap   total 175104K, used 156500K [0x0000000080000000, 0x0000000100000000)
  region size 1024K, 62 young (63488K), 9 survivors (9216K)
 Metaspace       used 84924K, committed 86912K, reserved 1179648K
  class space    used 11295K, committed 12288K, reserved 1048576K
}
Event: 6.097 GC heap after
{Heap after GC invocations=32 (full 0):
 garbage-first heap   total 175104K, used 105669K [0x0000000080000000, 0x0000000100000000)
  region size 1024K, 4 young (4096K), 4 survivors (4096K)
 Metaspace       used 84924K, committed 86912K, reserved 1179648K
  class space    used 11295K, committed 12288K, reserved 1048576K
}
Event: 6.101 GC heap before
{Heap before GC invocations=32 (full 0):
 garbage-first heap   total 175104K, used 107717K [0x0000000080000000, 0x0000000100000000)
  region size 1024K, 7 young (7168K), 4 survivors (4096K)
 Metaspace       used 84924K, committed 86912K, reserved 1179648K
  class space    used 11295K, committed 12288K, reserved 1048576K
}
Event: 6.103 GC heap after
{Heap after GC invocations=33 (full 0):
 garbage-first heap   total 175104K, used 107665K [0x0000000080000000, 0x0000000100000000)
  region size 1024K, 6 young (6144K), 6 survivors (6144K)
 Metaspace       used 84924K, committed 86912K, reserved 1179648K
  class space    used 11295K, committed 12288K, reserved 1048576K
}
Event: 6.298 GC heap before
{Heap before GC invocations=34 (full 0):
 garbage-first heap   total 186368K, used 147601K [0x0000000080000000, 0x0000000100000000)
  region size 1024K, 41 young (41984K), 6 survivors (6144K)
 Metaspace       used 86989K, committed 89024K, reserved 1179648K
  class space    used 11591K, committed 12608K, reserved 1048576K
}
Event: 6.301 GC heap after
{Heap after GC invocations=35 (full 0):
 garbage-first heap   total 186368K, used 108922K [0x0000000080000000, 0x0000000100000000)
  region size 1024K, 4 young (4096K), 4 survivors (4096K)
 Metaspace       used 86989K, committed 89024K, reserved 1179648K
  class space    used 11591K, committed 12608K, reserved 1048576K
}

