# JRE version: OpenJDK Runtime Environment (21.0.5) (build 21.0.5+-12932927-b750.29)
# Java VM: OpenJDK 64-Bit Server VM (21.0.5+-12932927-b750.29, mixed mode, tiered, compressed oops, compressed class ptrs, g1 gc, windows-amd64)
GC Precious Log:
 CardTable entry size: 512
 Card Set container configuration: InlinePtr #cards 5 size 8 Array Of Cards #cards 12 size 40 Howl #buckets 4 coarsen threshold 1843 Howl Bitmap #cards 512 size 80 coarsen threshold 460 Card regions per heap region 1 cards per card region 2048
 CPUs: 16 total, 16 available
 Memory: 16068M
 Large Page Support: Disabled
 NUMA Support: Disabled
 Compressed Oops: Enabled (32-bit)
 Heap Region Size: 1M
 Heap Min Capacity: 8M
 Heap Initial Capacity: 252M
 Heap Max Capacity: 2G
 Pre-touch: Disabled
 Parallel Workers: 13
 Concurrent Workers: 3
 Concurrent Refinement Workers: 13
 Periodic GC: Disabled
Heap:
 garbage-first heap   total 175104K, used 99995K [0x0000000080000000, 0x0000000100000000)
  region size 1024K, 1 young (1024K), 1 survivors (1024K)
 Metaspace       used 75454K, committed 77376K, reserved 1179648K
  class space    used 10175K, committed 11136K, reserved 1048576K
GC Heap History (20 events):
Event: 4.675 GC heap after
{Heap after GC invocations=22 (full 0):
 garbage-first heap   total 131072K, used 80030K [0x0000000080000000, 0x0000000100000000)
  region size 1024K, 5 young (5120K), 5 survivors (5120K)
 Metaspace       used 68735K, committed 70464K, reserved 1114112K
  class space    used 9311K, committed 10176K, reserved 1048576K
}
Event: 5.454 GC heap before
{Heap before GC invocations=22 (full 0):
 garbage-first heap   total 131072K, used 117918K [0x0000000080000000, 0x0000000100000000)
  region size 1024K, 42 young (43008K), 5 survivors (5120K)
 Metaspace       used 72543K, committed 74432K, reserved 1114112K
  class space    used 9905K, committed 10816K, reserved 1048576K
}
Event: 5.464 GC heap after
{Heap after GC invocations=23 (full 0):
 garbage-first heap   total 131072K, used 82373K [0x0000000080000000, 0x0000000100000000)
  region size 1024K, 6 young (6144K), 6 survivors (6144K)
 Metaspace       used 72543K, committed 74432K, reserved 1114112K
  class space    used 9905K, committed 10816K, reserved 1048576K
}
Event: 6.001 GC heap before
{Heap before GC invocations=23 (full 0):
 garbage-first heap   total 131072K, used 115141K [0x0000000080000000, 0x0000000100000000)
  region size 1024K, 39 young (39936K), 6 survivors (6144K)
 Metaspace       used 73173K, committed 74944K, reserved 1114112K
  class space    used 9926K, committed 10816K, reserved 1048576K
}
Event: 6.009 GC heap after
{Heap after GC invocations=24 (full 0):
 garbage-first heap   total 131072K, used 86640K [0x0000000080000000, 0x0000000100000000)
  region size 1024K, 5 young (5120K), 5 survivors (5120K)
 Metaspace       used 73173K, committed 74944K, reserved 1114112K
  class space    used 9926K, committed 10816K, reserved 1048576K
}
Event: 6.405 GC heap before
{Heap before GC invocations=25 (full 0):
 garbage-first heap   total 145408K, used 116336K [0x0000000080000000, 0x0000000100000000)
  region size 1024K, 35 young (35840K), 5 survivors (5120K)
 Metaspace       used 73366K, committed 75200K, reserved 1114112K
  class space    used 9926K, committed 10816K, reserved 1048576K
}
Event: 6.409 GC heap after
{Heap after GC invocations=26 (full 0):
 garbage-first heap   total 145408K, used 87428K [0x0000000080000000, 0x0000000100000000)
  region size 1024K, 4 young (4096K), 4 survivors (4096K)
 Metaspace       used 73366K, committed 75200K, reserved 1114112K
  class space    used 9926K, committed 10816K, reserved 1048576K
}
Event: 6.756 GC heap before
{Heap before GC invocations=26 (full 0):
 garbage-first heap   total 145408K, used 129412K [0x0000000080000000, 0x0000000100000000)
  region size 1024K, 46 young (47104K), 4 survivors (4096K)
 Metaspace       used 73380K, committed 75200K, reserved 1114112K
  class space    used 9926K, committed 10816K, reserved 1048576K
}
Event: 6.761 GC heap after
{Heap after GC invocations=27 (full 0):
 garbage-first heap   total 145408K, used 87023K [0x0000000080000000, 0x0000000100000000)
  region size 1024K, 5 young (5120K), 5 survivors (5120K)
 Metaspace       used 73380K, committed 75200K, reserved 1114112K
  class space    used 9926K, committed 10816K, reserved 1048576K
}
Event: 7.002 GC heap before
{Heap before GC invocations=27 (full 0):
 garbage-first heap   total 145408K, used 110575K [0x0000000080000000, 0x0000000100000000)
  region size 1024K, 30 young (30720K), 5 survivors (5120K)
 Metaspace       used 73546K, committed 75456K, reserved 1114112K
  class space    used 9948K, committed 10880K, reserved 1048576K
}
Event: 8.011 GC heap after
{Heap after GC invocations=28 (full 0):
 garbage-first heap   total 175104K, used 87684K [0x0000000080000000, 0x0000000100000000)
  region size 1024K, 3 young (3072K), 3 survivors (3072K)
 Metaspace       used 73546K, committed 75456K, reserved 1114112K
  class space    used 9948K, committed 10880K, reserved 1048576K
}
Event: 8.251 GC heap before
{Heap before GC invocations=28 (full 0):
 garbage-first heap   total 175104K, used 95876K [0x0000000080000000, 0x0000000100000000)
  region size 1024K, 8 young (8192K), 3 survivors (3072K)
 Metaspace       used 73591K, committed 75456K, reserved 1114112K
  class space    used 9953K, committed 10880K, reserved 1048576K
}
Event: 8.255 GC heap after
{Heap after GC invocations=29 (full 0):
 garbage-first heap   total 175104K, used 94235K [0x0000000080000000, 0x0000000100000000)
  region size 1024K, 1 young (1024K), 1 survivors (1024K)
 Metaspace       used 73591K, committed 75456K, reserved 1114112K
  class space    used 9953K, committed 10880K, reserved 1048576K
}
Event: 8.450 GC heap before
{Heap before GC invocations=29 (full 0):
 garbage-first heap   total 175104K, used 102427K [0x0000000080000000, 0x0000000100000000)
  region size 1024K, 8 young (8192K), 1 survivors (1024K)
 Metaspace       used 73952K, committed 75840K, reserved 1114112K
  class space    used 10016K, committed 10944K, reserved 1048576K
}
Event: 8.453 GC heap after
{Heap after GC invocations=30 (full 0):
 garbage-first heap   total 175104K, used 97126K [0x0000000080000000, 0x0000000100000000)
  region size 1024K, 1 young (1024K), 1 survivors (1024K)
 Metaspace       used 73952K, committed 75840K, reserved 1114112K
  class space    used 10016K, committed 10944K, reserved 1048576K
}
Event: 8.645 GC heap before
{Heap before GC invocations=30 (full 0):
 garbage-first heap   total 175104K, used 103270K [0x0000000080000000, 0x0000000100000000)
  region size 1024K, 8 young (8192K), 1 survivors (1024K)
 Metaspace       used 74412K, committed 76352K, reserved 1179648K
  class space    used 10059K, committed 11008K, reserved 1048576K
}
Event: 8.647 GC heap after
{Heap after GC invocations=31 (full 0):
 garbage-first heap   total 175104K, used 97905K [0x0000000080000000, 0x0000000100000000)
  region size 1024K, 1 young (1024K), 1 survivors (1024K)
 Metaspace       used 74412K, committed 76352K, reserved 1179648K
  class space    used 10059K, committed 11008K, reserved 1048576K
}
Event: 8.789 GC heap before
{Heap before GC invocations=31 (full 0):
 garbage-first heap   total 175104K, used 106097K [0x0000000080000000, 0x0000000100000000)
  region size 1024K, 8 young (8192K), 1 survivors (1024K)
 Metaspace       used 74885K, committed 76800K, reserved 1179648K
  class space    used 10113K, committed 11072K, reserved 1048576K
}
Event: 8.793 GC heap after
{Heap after GC invocations=32 (full 0):
 garbage-first heap   total 175104K, used 99737K [0x0000000080000000, 0x0000000100000000)
  region size 1024K, 1 young (1024K), 1 survivors (1024K)
 Metaspace       used 74885K, committed 76800K, reserved 1179648K
  class space    used 10113K, committed 11072K, reserved 1048576K
}
Event: 8.959 GC heap before
{Heap before GC invocations=32 (full 0):
 garbage-first heap   total 175104K, used 105881K [0x0000000080000000, 0x0000000100000000)
  region size 1024K, 8 young (8192K), 1 survivors (1024K)
 Metaspace       used 75454K, committed 77376K, reserved 1179648K
  class space    used 10175K, committed 11136K, reserved 1048576K
}

