# JRE version: OpenJDK Runtime Environment (21.0.5) (build 21.0.5+-12932927-b750.29)
# Java VM: OpenJDK 64-Bit Server VM (21.0.5+-12932927-b750.29, mixed mode, tiered, compressed oops, compressed class ptrs, g1 gc, windows-amd64)
GC Precious Log:
 CardTable entry size: 512
 Card Set container configuration: InlinePtr #cards 5 size 8 Array Of Cards #cards 12 size 40 Howl #buckets 4 coarsen threshold 1843 Howl Bitmap #cards 512 size 80 coarsen threshold 460 Card regions per heap region 1 cards per card region 2048
 CPUs: 16 total, 16 available
 Memory: 16068M
 Large Page Support: Disabled
 NUMA Support: Disabled
 Compressed Oops: Enabled (32-bit)
 Heap Region Size: 1M
 Heap Min Capacity: 8M
 Heap Initial Capacity: 252M
 Heap Max Capacity: 2G
 Pre-touch: Disabled
 Parallel Workers: 13
 Concurrent Workers: 3
 Concurrent Refinement Workers: 13
 Periodic GC: Disabled
Heap:
 garbage-first heap   total 267264K, used 146967K [0x0000000080000000, 0x0000000100000000)
  region size 1024K, 6 young (6144K), 6 survivors (6144K)
 Metaspace       used 106987K, committed 109248K, reserved 1179648K
  class space    used 14268K, committed 15424K, reserved 1048576K
GC Heap History (20 events):
Event: 5.061 GC heap after
{Heap after GC invocations=26 (full 0):
 garbage-first heap   total 183296K, used 101708K [0x0000000080000000, 0x0000000100000000)
  region size 1024K, 2 young (2048K), 2 survivors (2048K)
 Metaspace       used 81020K, committed 82944K, reserved 1179648K
  class space    used 10716K, committed 11712K, reserved 1048576K
}
Event: 5.663 GC heap before
{Heap before GC invocations=27 (full 0):
 garbage-first heap   total 183296K, used 170316K [0x0000000080000000, 0x0000000100000000)
  region size 1024K, 64 young (65536K), 2 survivors (2048K)
 Metaspace       used 86321K, committed 88256K, reserved 1179648K
  class space    used 11484K, committed 12480K, reserved 1048576K
}
Event: 5.666 GC heap after
{Heap after GC invocations=28 (full 0):
 garbage-first heap   total 183296K, used 108188K [0x0000000080000000, 0x0000000100000000)
  region size 1024K, 8 young (8192K), 8 survivors (8192K)
 Metaspace       used 86321K, committed 88256K, reserved 1179648K
  class space    used 11484K, committed 12480K, reserved 1048576K
}
Event: 6.050 GC heap before
{Heap before GC invocations=28 (full 0):
 garbage-first heap   total 183296K, used 163484K [0x0000000080000000, 0x0000000100000000)
  region size 1024K, 62 young (63488K), 8 survivors (8192K)
 Metaspace       used 89885K, committed 91840K, reserved 1179648K
  class space    used 11936K, committed 12928K, reserved 1048576K
}
Event: 6.054 GC heap after
{Heap after GC invocations=29 (full 0):
 garbage-first heap   total 183296K, used 112368K [0x0000000080000000, 0x0000000100000000)
  region size 1024K, 6 young (6144K), 6 survivors (6144K)
 Metaspace       used 89885K, committed 91840K, reserved 1179648K
  class space    used 11936K, committed 12928K, reserved 1048576K
}
Event: 6.360 GC heap before
{Heap before GC invocations=29 (full 0):
 garbage-first heap   total 183296K, used 154352K [0x0000000080000000, 0x0000000100000000)
  region size 1024K, 48 young (49152K), 6 survivors (6144K)
 Metaspace       used 93158K, committed 95168K, reserved 1179648K
  class space    used 12370K, committed 13376K, reserved 1048576K
}
Event: 6.364 GC heap after
{Heap after GC invocations=30 (full 0):
 garbage-first heap   total 183296K, used 114595K [0x0000000080000000, 0x0000000100000000)
  region size 1024K, 3 young (3072K), 3 survivors (3072K)
 Metaspace       used 93158K, committed 95168K, reserved 1179648K
  class space    used 12370K, committed 13376K, reserved 1048576K
}
Event: 6.790 GC heap before
{Heap before GC invocations=31 (full 0):
 garbage-first heap   total 194560K, used 168867K [0x0000000080000000, 0x0000000100000000)
  region size 1024K, 55 young (56320K), 3 survivors (3072K)
 Metaspace       used 97307K, committed 99328K, reserved 1179648K
  class space    used 13110K, committed 14144K, reserved 1048576K
}
Event: 6.792 GC heap after
{Heap after GC invocations=32 (full 0):
 garbage-first heap   total 194560K, used 116079K [0x0000000080000000, 0x0000000100000000)
  region size 1024K, 4 young (4096K), 4 survivors (4096K)
 Metaspace       used 97307K, committed 99328K, reserved 1179648K
  class space    used 13110K, committed 14144K, reserved 1048576K
}
Event: 7.224 GC heap before
{Heap before GC invocations=32 (full 0):
 garbage-first heap   total 194560K, used 192879K [0x0000000080000000, 0x0000000100000000)
  region size 1024K, 61 young (62464K), 4 survivors (4096K)
 Metaspace       used 102702K, committed 104832K, reserved 1179648K
  class space    used 13637K, committed 14720K, reserved 1048576K
}
Event: 7.228 GC heap after
{Heap after GC invocations=33 (full 0):
 garbage-first heap   total 206848K, used 135441K [0x0000000080000000, 0x0000000100000000)
  region size 1024K, 9 young (9216K), 9 survivors (9216K)
 Metaspace       used 102702K, committed 104832K, reserved 1179648K
  class space    used 13637K, committed 14720K, reserved 1048576K
}
Event: 7.230 GC heap before
{Heap before GC invocations=33 (full 0):
 garbage-first heap   total 206848K, used 135441K [0x0000000080000000, 0x0000000100000000)
  region size 1024K, 10 young (10240K), 9 survivors (9216K)
 Metaspace       used 102702K, committed 104832K, reserved 1179648K
  class space    used 13637K, committed 14720K, reserved 1048576K
}
Event: 7.233 GC heap after
{Heap after GC invocations=34 (full 0):
 garbage-first heap   total 206848K, used 136776K [0x0000000080000000, 0x0000000100000000)
  region size 1024K, 1 young (1024K), 1 survivors (1024K)
 Metaspace       used 102702K, committed 104832K, reserved 1179648K
  class space    used 13637K, committed 14720K, reserved 1048576K
}
Event: 8.637 GC heap before
{Heap before GC invocations=35 (full 0):
 garbage-first heap   total 230400K, used 174664K [0x0000000080000000, 0x0000000100000000)
  region size 1024K, 37 young (37888K), 1 survivors (1024K)
 Metaspace       used 106985K, committed 109248K, reserved 1179648K
  class space    used 14268K, committed 15424K, reserved 1048576K
}
Event: 8.639 GC heap after
{Heap after GC invocations=36 (full 0):
 garbage-first heap   total 230400K, used 142241K [0x0000000080000000, 0x0000000100000000)
  region size 1024K, 5 young (5120K), 5 survivors (5120K)
 Metaspace       used 106985K, committed 109248K, reserved 1179648K
  class space    used 14268K, committed 15424K, reserved 1048576K
}
Event: 8.866 GC heap before
{Heap before GC invocations=36 (full 0):
 garbage-first heap   total 230400K, used 191393K [0x0000000080000000, 0x0000000100000000)
  region size 1024K, 54 young (55296K), 5 survivors (5120K)
 Metaspace       used 106986K, committed 109248K, reserved 1179648K
  class space    used 14268K, committed 15424K, reserved 1048576K
}
Event: 8.869 GC heap after
{Heap after GC invocations=37 (full 0):
 garbage-first heap   total 230400K, used 143205K [0x0000000080000000, 0x0000000100000000)
  region size 1024K, 4 young (4096K), 4 survivors (4096K)
 Metaspace       used 106986K, committed 109248K, reserved 1179648K
  class space    used 14268K, committed 15424K, reserved 1048576K
}
Event: 9.090 GC heap before
{Heap before GC invocations=37 (full 0):
 garbage-first heap   total 230400K, used 196453K [0x0000000080000000, 0x0000000100000000)
  region size 1024K, 56 young (57344K), 4 survivors (4096K)
 Metaspace       used 106987K, committed 109248K, reserved 1179648K
  class space    used 14268K, committed 15424K, reserved 1048576K
}
Event: 9.093 GC heap after
{Heap after GC invocations=38 (full 0):
 garbage-first heap   total 230400K, used 145064K [0x0000000080000000, 0x0000000100000000)
  region size 1024K, 4 young (4096K), 4 survivors (4096K)
 Metaspace       used 106987K, committed 109248K, reserved 1179648K
  class space    used 14268K, committed 15424K, reserved 1048576K
}
Event: 9.325 GC heap before
{Heap before GC invocations=39 (full 0):
 garbage-first heap   total 242688K, used 199336K [0x0000000080000000, 0x0000000100000000)
  region size 1024K, 57 young (58368K), 4 survivors (4096K)
 Metaspace       used 106987K, committed 109248K, reserved 1179648K
  class space    used 14268K, committed 15424K, reserved 1048576K
}

