# JRE version: OpenJDK Runtime Environment (21.0.5) (build 21.0.5+-12932927-b750.29)
# Java VM: OpenJDK 64-Bit Server VM (21.0.5+-12932927-b750.29, mixed mode, tiered, compressed oops, compressed class ptrs, g1 gc, windows-amd64)
GC Precious Log:
 CardTable entry size: 512
 Card Set container configuration: InlinePtr #cards 5 size 8 Array Of Cards #cards 12 size 40 Howl #buckets 4 coarsen threshold 1843 Howl Bitmap #cards 512 size 80 coarsen threshold 460 Card regions per heap region 1 cards per card region 2048
 CPUs: 16 total, 16 available
 Memory: 16068M
 Large Page Support: Disabled
 NUMA Support: Disabled
 Compressed Oops: Enabled (32-bit)
 Heap Region Size: 1M
 Heap Min Capacity: 8M
 Heap Initial Capacity: 252M
 Heap Max Capacity: 2G
 Pre-touch: Disabled
 Parallel Workers: 13
 Concurrent Workers: 3
 Concurrent Refinement Workers: 13
 Periodic GC: Disabled
Heap:
 garbage-first heap   total 242688K, used 163925K [0x0000000080000000, 0x0000000100000000)
  region size 1024K, 19 young (19456K), 8 survivors (8192K)
 Metaspace       used 141602K, committed 143936K, reserved 1179648K
  class space    used 18035K, committed 19200K, reserved 1048576K
GC Heap History (20 events):
Event: 6.552 GC heap before
{Heap before GC invocations=30 (full 0):
 garbage-first heap   total 177152K, used 170576K [0x0000000080000000, 0x0000000100000000)
  region size 1024K, 74 young (75776K), 6 survivors (6144K)
 Metaspace       used 89691K, committed 91584K, reserved 1179648K
  class space    used 12376K, committed 13312K, reserved 1048576K
}
Event: 6.560 GC heap after
{Heap after GC invocations=31 (full 0):
 garbage-first heap   total 198656K, used 109874K [0x0000000080000000, 0x0000000100000000)
  region size 1024K, 10 young (10240K), 10 survivors (10240K)
 Metaspace       used 89691K, committed 91584K, reserved 1179648K
  class space    used 12376K, committed 13312K, reserved 1048576K
}
Event: 6.574 GC heap before
{Heap before GC invocations=31 (full 0):
 garbage-first heap   total 198656K, used 116018K [0x0000000080000000, 0x0000000100000000)
  region size 1024K, 17 young (17408K), 10 survivors (10240K)
 Metaspace       used 89692K, committed 91584K, reserved 1179648K
  class space    used 12376K, committed 13312K, reserved 1048576K
}
Event: 6.579 GC heap after
{Heap after GC invocations=32 (full 0):
 garbage-first heap   total 198656K, used 112835K [0x0000000080000000, 0x0000000100000000)
  region size 1024K, 3 young (3072K), 3 survivors (3072K)
 Metaspace       used 89692K, committed 91584K, reserved 1179648K
  class space    used 12376K, committed 13312K, reserved 1048576K
}
Event: 7.006 GC heap before
{Heap before GC invocations=33 (full 0):
 garbage-first heap   total 198656K, used 181443K [0x0000000080000000, 0x0000000100000000)
  region size 1024K, 59 young (60416K), 3 survivors (3072K)
 Metaspace       used 94886K, committed 96768K, reserved 1179648K
  class space    used 12957K, committed 13888K, reserved 1048576K
}
Event: 7.009 GC heap after
{Heap after GC invocations=34 (full 0):
 garbage-first heap   total 198656K, used 128744K [0x0000000080000000, 0x0000000100000000)
  region size 1024K, 8 young (8192K), 8 survivors (8192K)
 Metaspace       used 94886K, committed 96768K, reserved 1179648K
  class space    used 12957K, committed 13888K, reserved 1048576K
}
Event: 7.342 GC heap before
{Heap before GC invocations=34 (full 0):
 garbage-first heap   total 198656K, used 176872K [0x0000000080000000, 0x0000000100000000)
  region size 1024K, 55 young (56320K), 8 survivors (8192K)
 Metaspace       used 100753K, committed 102720K, reserved 1179648K
  class space    used 13495K, committed 14464K, reserved 1048576K
}
Event: 7.346 GC heap after
{Heap after GC invocations=35 (full 0):
 garbage-first heap   total 198656K, used 131687K [0x0000000080000000, 0x0000000100000000)
  region size 1024K, 4 young (4096K), 4 survivors (4096K)
 Metaspace       used 100753K, committed 102720K, reserved 1179648K
  class space    used 13495K, committed 14464K, reserved 1048576K
}
Event: 7.678 GC heap before
{Heap before GC invocations=35 (full 0):
 garbage-first heap   total 198656K, used 178791K [0x0000000080000000, 0x0000000100000000)
  region size 1024K, 50 young (51200K), 4 survivors (4096K)
 Metaspace       used 106721K, committed 108928K, reserved 1179648K
  class space    used 14293K, committed 15424K, reserved 1048576K
}
Event: 7.680 GC heap after
{Heap after GC invocations=36 (full 0):
 garbage-first heap   total 198656K, used 133971K [0x0000000080000000, 0x0000000100000000)
  region size 1024K, 3 young (3072K), 3 survivors (3072K)
 Metaspace       used 106721K, committed 108928K, reserved 1179648K
  class space    used 14293K, committed 15424K, reserved 1048576K
}
Event: 8.009 GC heap before
{Heap before GC invocations=37 (full 0):
 garbage-first heap   total 224256K, used 183123K [0x0000000080000000, 0x0000000100000000)
  region size 1024K, 50 young (51200K), 3 survivors (3072K)
 Metaspace       used 112204K, committed 114432K, reserved 1179648K
  class space    used 14970K, committed 16064K, reserved 1048576K
}
Event: 8.012 GC heap after
{Heap after GC invocations=38 (full 0):
 garbage-first heap   total 224256K, used 138355K [0x0000000080000000, 0x0000000100000000)
  region size 1024K, 7 young (7168K), 7 survivors (7168K)
 Metaspace       used 112204K, committed 114432K, reserved 1179648K
  class space    used 14970K, committed 16064K, reserved 1048576K
}
Event: 8.384 GC heap before
{Heap before GC invocations=38 (full 0):
 garbage-first heap   total 224256K, used 202867K [0x0000000080000000, 0x0000000100000000)
  region size 1024K, 70 young (71680K), 7 survivors (7168K)
 Metaspace       used 116524K, committed 118784K, reserved 1179648K
  class space    used 15437K, committed 16576K, reserved 1048576K
}
Event: 8.389 GC heap after
{Heap after GC invocations=39 (full 0):
 garbage-first heap   total 224256K, used 138654K [0x0000000080000000, 0x0000000100000000)
  region size 1024K, 6 young (6144K), 6 survivors (6144K)
 Metaspace       used 116524K, committed 118784K, reserved 1179648K
  class space    used 15437K, committed 16576K, reserved 1048576K
}
Event: 8.942 GC heap before
{Heap before GC invocations=39 (full 0):
 garbage-first heap   total 224256K, used 205214K [0x0000000080000000, 0x0000000100000000)
  region size 1024K, 71 young (72704K), 6 survivors (6144K)
 Metaspace       used 125001K, committed 127232K, reserved 1179648K
  class space    used 16401K, committed 17536K, reserved 1048576K
}
Event: 8.946 GC heap after
{Heap after GC invocations=40 (full 0):
 garbage-first heap   total 224256K, used 143953K [0x0000000080000000, 0x0000000100000000)
  region size 1024K, 9 young (9216K), 9 survivors (9216K)
 Metaspace       used 125001K, committed 127232K, reserved 1179648K
  class space    used 16401K, committed 17536K, reserved 1048576K
}
Event: 9.426 GC heap before
{Heap before GC invocations=41 (full 0):
 garbage-first heap   total 242688K, used 201297K [0x0000000080000000, 0x0000000100000000)
  region size 1024K, 64 young (65536K), 9 survivors (9216K)
 Metaspace       used 133694K, committed 136000K, reserved 1179648K
  class space    used 17196K, committed 18304K, reserved 1048576K
}
Event: 9.429 GC heap after
{Heap after GC invocations=42 (full 0):
 garbage-first heap   total 242688K, used 148118K [0x0000000080000000, 0x0000000100000000)
  region size 1024K, 4 young (4096K), 4 survivors (4096K)
 Metaspace       used 133694K, committed 136000K, reserved 1179648K
  class space    used 17196K, committed 18304K, reserved 1048576K
}
Event: 9.888 GC heap before
{Heap before GC invocations=42 (full 0):
 garbage-first heap   total 242688K, used 224918K [0x0000000080000000, 0x0000000100000000)
  region size 1024K, 77 young (78848K), 4 survivors (4096K)
 Metaspace       used 140527K, committed 142848K, reserved 1179648K
  class space    used 17918K, committed 19072K, reserved 1048576K
}
Event: 9.890 GC heap after
{Heap after GC invocations=43 (full 0):
 garbage-first heap   total 242688K, used 153685K [0x0000000080000000, 0x0000000100000000)
  region size 1024K, 8 young (8192K), 8 survivors (8192K)
 Metaspace       used 140527K, committed 142848K, reserved 1179648K
  class space    used 17918K, committed 19072K, reserved 1048576K
}

