# JRE version: OpenJDK Runtime Environment (21.0.5) (build 21.0.5+-12932927-b750.29)
# Java VM: OpenJDK 64-Bit Server VM (21.0.5+-12932927-b750.29, mixed mode, tiered, compressed oops, compressed class ptrs, g1 gc, windows-amd64)
GC Precious Log:
 CardTable entry size: 512
 Card Set container configuration: InlinePtr #cards 5 size 8 Array Of Cards #cards 12 size 40 Howl #buckets 4 coarsen threshold 1843 Howl Bitmap #cards 512 size 80 coarsen threshold 460 Card regions per heap region 1 cards per card region 2048
 CPUs: 16 total, 16 available
 Memory: 16068M
 Large Page Support: Disabled
 NUMA Support: Disabled
 Compressed Oops: Enabled (32-bit)
 Heap Region Size: 1M
 Heap Min Capacity: 8M
 Heap Initial Capacity: 252M
 Heap Max Capacity: 2G
 Pre-touch: Disabled
 Parallel Workers: 13
 Concurrent Workers: 3
 Concurrent Refinement Workers: 13
 Periodic GC: Disabled
Heap:
 garbage-first heap   total 184320K, used 150989K [0x0000000080000000, 0x0000000100000000)
  region size 1024K, 48 young (49152K), 7 survivors (7168K)
 Metaspace       used 90623K, committed 92608K, reserved 1179648K
  class space    used 12027K, committed 12992K, reserved 1048576K
GC Heap History (20 events):
Event: 4.100 GC heap before
{Heap before GC invocations=19 (full 0):
 garbage-first heap   total 132096K, used 115130K [0x0000000080000000, 0x0000000100000000)
  region size 1024K, 39 young (39936K), 2 survivors (2048K)
 Metaspace       used 65474K, committed 67072K, reserved 1114112K
  class space    used 8790K, committed 9600K, reserved 1048576K
}
Event: 4.102 GC heap after
{Heap after GC invocations=20 (full 0):
 garbage-first heap   total 132096K, used 78742K [0x0000000080000000, 0x0000000100000000)
  region size 1024K, 3 young (3072K), 3 survivors (3072K)
 Metaspace       used 65474K, committed 67072K, reserved 1114112K
  class space    used 8790K, committed 9600K, reserved 1048576K
}
Event: 4.436 GC heap before
{Heap before GC invocations=21 (full 0):
 garbage-first heap   total 133120K, used 117654K [0x0000000080000000, 0x0000000100000000)
  region size 1024K, 41 young (41984K), 3 survivors (3072K)
 Metaspace       used 69949K, committed 71616K, reserved 1114112K
  class space    used 9492K, committed 10304K, reserved 1048576K
}
Event: 4.438 GC heap after
{Heap after GC invocations=22 (full 0):
 garbage-first heap   total 133120K, used 81277K [0x0000000080000000, 0x0000000100000000)
  region size 1024K, 6 young (6144K), 6 survivors (6144K)
 Metaspace       used 69949K, committed 71616K, reserved 1114112K
  class space    used 9492K, committed 10304K, reserved 1048576K
}
Event: 4.831 GC heap before
{Heap before GC invocations=22 (full 0):
 garbage-first heap   total 133120K, used 117117K [0x0000000080000000, 0x0000000100000000)
  region size 1024K, 42 young (43008K), 6 survivors (6144K)
 Metaspace       used 72861K, committed 74624K, reserved 1114112K
  class space    used 9899K, committed 10752K, reserved 1048576K
}
Event: 4.835 GC heap after
{Heap after GC invocations=23 (full 0):
 garbage-first heap   total 133120K, used 84327K [0x0000000080000000, 0x0000000100000000)
  region size 1024K, 6 young (6144K), 6 survivors (6144K)
 Metaspace       used 72861K, committed 74624K, reserved 1114112K
  class space    used 9899K, committed 10752K, reserved 1048576K
}
Event: 4.937 GC heap before
{Heap before GC invocations=23 (full 0):
 garbage-first heap   total 133120K, used 118119K [0x0000000080000000, 0x0000000100000000)
  region size 1024K, 40 young (40960K), 6 survivors (6144K)
 Metaspace       used 73227K, committed 74944K, reserved 1114112K
  class space    used 9900K, committed 10752K, reserved 1048576K
}
Event: 4.940 GC heap after
{Heap after GC invocations=24 (full 0):
 garbage-first heap   total 133120K, used 87531K [0x0000000080000000, 0x0000000100000000)
  region size 1024K, 4 young (4096K), 4 survivors (4096K)
 Metaspace       used 73227K, committed 74944K, reserved 1114112K
  class space    used 9900K, committed 10752K, reserved 1048576K
}
Event: 5.015 GC heap before
{Heap before GC invocations=25 (full 0):
 garbage-first heap   total 147456K, used 119275K [0x0000000080000000, 0x0000000100000000)
  region size 1024K, 36 young (36864K), 4 survivors (4096K)
 Metaspace       used 73290K, committed 75072K, reserved 1114112K
  class space    used 9900K, committed 10752K, reserved 1048576K
}
Event: 5.017 GC heap after
{Heap after GC invocations=26 (full 0):
 garbage-first heap   total 147456K, used 88388K [0x0000000080000000, 0x0000000100000000)
  region size 1024K, 4 young (4096K), 4 survivors (4096K)
 Metaspace       used 73290K, committed 75072K, reserved 1114112K
  class space    used 9900K, committed 10752K, reserved 1048576K
}
Event: 5.109 GC heap before
{Heap before GC invocations=26 (full 0):
 garbage-first heap   total 147456K, used 132420K [0x0000000080000000, 0x0000000100000000)
  region size 1024K, 48 young (49152K), 4 survivors (4096K)
 Metaspace       used 73294K, committed 75072K, reserved 1114112K
  class space    used 9901K, committed 10752K, reserved 1048576K
}
Event: 5.111 GC heap after
{Heap after GC invocations=27 (full 0):
 garbage-first heap   total 177152K, used 88053K [0x0000000080000000, 0x0000000100000000)
  region size 1024K, 5 young (5120K), 5 survivors (5120K)
 Metaspace       used 73294K, committed 75072K, reserved 1114112K
  class space    used 9901K, committed 10752K, reserved 1048576K
}
Event: 5.528 GC heap before
{Heap before GC invocations=27 (full 0):
 garbage-first heap   total 177152K, used 162805K [0x0000000080000000, 0x0000000100000000)
  region size 1024K, 72 young (73728K), 5 survivors (5120K)
 Metaspace       used 78051K, committed 79872K, reserved 1179648K
  class space    used 10436K, committed 11328K, reserved 1048576K
}
Event: 5.531 GC heap after
{Heap after GC invocations=28 (full 0):
 garbage-first heap   total 177152K, used 101109K [0x0000000080000000, 0x0000000100000000)
  region size 1024K, 9 young (9216K), 9 survivors (9216K)
 Metaspace       used 78051K, committed 79872K, reserved 1179648K
  class space    used 10436K, committed 11328K, reserved 1048576K
}
Event: 5.926 GC heap before
{Heap before GC invocations=28 (full 0):
 garbage-first heap   total 177152K, used 157429K [0x0000000080000000, 0x0000000100000000)
  region size 1024K, 64 young (65536K), 9 survivors (9216K)
 Metaspace       used 84858K, committed 86784K, reserved 1179648K
  class space    used 11274K, committed 12224K, reserved 1048576K
}
Event: 5.929 GC heap after
{Heap after GC invocations=29 (full 0):
 garbage-first heap   total 177152K, used 104832K [0x0000000080000000, 0x0000000100000000)
  region size 1024K, 4 young (4096K), 4 survivors (4096K)
 Metaspace       used 84858K, committed 86784K, reserved 1179648K
  class space    used 11274K, committed 12224K, reserved 1048576K
}
Event: 5.929 GC heap before
{Heap before GC invocations=29 (full 0):
 garbage-first heap   total 177152K, used 104832K [0x0000000080000000, 0x0000000100000000)
  region size 1024K, 5 young (5120K), 4 survivors (4096K)
 Metaspace       used 84858K, committed 86784K, reserved 1179648K
  class space    used 11274K, committed 12224K, reserved 1048576K
}
Event: 5.931 GC heap after
{Heap after GC invocations=30 (full 0):
 garbage-first heap   total 177152K, used 105004K [0x0000000080000000, 0x0000000100000000)
  region size 1024K, 4 young (4096K), 4 survivors (4096K)
 Metaspace       used 84858K, committed 86784K, reserved 1179648K
  class space    used 11274K, committed 12224K, reserved 1048576K
}
Event: 6.213 GC heap before
{Heap before GC invocations=31 (full 0):
 garbage-first heap   total 184320K, used 161324K [0x0000000080000000, 0x0000000100000000)
  region size 1024K, 54 young (55296K), 4 survivors (4096K)
 Metaspace       used 87713K, committed 89664K, reserved 1179648K
  class space    used 11659K, committed 12608K, reserved 1048576K
}
Event: 6.215 GC heap after
{Heap after GC invocations=32 (full 0):
 garbage-first heap   total 184320K, used 110029K [0x0000000080000000, 0x0000000100000000)
  region size 1024K, 7 young (7168K), 7 survivors (7168K)
 Metaspace       used 87713K, committed 89664K, reserved 1179648K
  class space    used 11659K, committed 12608K, reserved 1048576K
}

