# JRE version: OpenJDK Runtime Environment (21.0.5) (build 21.0.5+-12932927-b750.29)
# Java VM: OpenJDK 64-Bit Server VM (21.0.5+-12932927-b750.29, mixed mode, tiered, compressed oops, compressed class ptrs, g1 gc, windows-amd64)
GC Precious Log:
 CardTable entry size: 512
 Card Set container configuration: InlinePtr #cards 5 size 8 Array Of Cards #cards 12 size 40 Howl #buckets 4 coarsen threshold 1843 Howl Bitmap #cards 512 size 80 coarsen threshold 460 Card regions per heap region 1 cards per card region 2048
 CPUs: 16 total, 16 available
 Memory: 16068M
 Large Page Support: Disabled
 NUMA Support: Disabled
 Compressed Oops: Enabled (32-bit)
 Heap Region Size: 1M
 Heap Min Capacity: 8M
 Heap Initial Capacity: 252M
 Heap Max Capacity: 2G
 Pre-touch: Disabled
 Parallel Workers: 13
 Concurrent Workers: 3
 Concurrent Refinement Workers: 13
 Periodic GC: Disabled
Heap:
 garbage-first heap   total 240640K, used 171987K [0x0000000080000000, 0x0000000100000000)
  region size 1024K, 29 young (29696K), 8 survivors (8192K)
 Metaspace       used 141581K, committed 144000K, reserved 1179648K
  class space    used 18030K, committed 19200K, reserved 1048576K
GC Heap History (20 events):
Event: 6.566 GC heap before
{Heap before GC invocations=32 (full 0):
 garbage-first heap   total 181248K, used 160172K [0x0000000080000000, 0x0000000100000000)
  region size 1024K, 57 young (58368K), 8 survivors (8192K)
 Metaspace       used 93759K, committed 95680K, reserved 1179648K
  class space    used 12849K, committed 13760K, reserved 1048576K
}
Event: 6.574 GC heap after
{Heap after GC invocations=33 (full 0):
 garbage-first heap   total 181248K, used 116170K [0x0000000080000000, 0x0000000100000000)
  region size 1024K, 8 young (8192K), 8 survivors (8192K)
 Metaspace       used 93759K, committed 95680K, reserved 1179648K
  class space    used 12849K, committed 13760K, reserved 1048576K
}
Event: 6.591 GC heap before
{Heap before GC invocations=33 (full 0):
 garbage-first heap   total 181248K, used 118218K [0x0000000080000000, 0x0000000100000000)
  region size 1024K, 11 young (11264K), 8 survivors (8192K)
 Metaspace       used 94044K, committed 96000K, reserved 1179648K
  class space    used 12885K, committed 13824K, reserved 1048576K
}
Event: 6.594 GC heap after
{Heap after GC invocations=34 (full 0):
 garbage-first heap   total 219136K, used 116588K [0x0000000080000000, 0x0000000100000000)
  region size 1024K, 1 young (1024K), 1 survivors (1024K)
 Metaspace       used 94044K, committed 96000K, reserved 1179648K
  class space    used 12885K, committed 13824K, reserved 1048576K
}
Event: 6.598 GC heap before
{Heap before GC invocations=34 (full 0):
 garbage-first heap   total 219136K, used 122732K [0x0000000080000000, 0x0000000100000000)
  region size 1024K, 2 young (2048K), 1 survivors (1024K)
 Metaspace       used 94044K, committed 96000K, reserved 1179648K
  class space    used 12885K, committed 13824K, reserved 1048576K
}
Event: 6.599 GC heap after
{Heap after GC invocations=35 (full 0):
 garbage-first heap   total 219136K, used 122394K [0x0000000080000000, 0x0000000100000000)
  region size 1024K, 1 young (1024K), 1 survivors (1024K)
 Metaspace       used 94044K, committed 96000K, reserved 1179648K
  class space    used 12885K, committed 13824K, reserved 1048576K
}
Event: 7.090 GC heap before
{Heap before GC invocations=36 (full 0):
 garbage-first heap   total 219136K, used 199194K [0x0000000080000000, 0x0000000100000000)
  region size 1024K, 72 young (73728K), 1 survivors (1024K)
 Metaspace       used 101914K, committed 104064K, reserved 1179648K
  class space    used 13686K, committed 14784K, reserved 1048576K
}
Event: 7.093 GC heap after
{Heap after GC invocations=37 (full 0):
 garbage-first heap   total 219136K, used 131906K [0x0000000080000000, 0x0000000100000000)
  region size 1024K, 7 young (7168K), 7 survivors (7168K)
 Metaspace       used 101914K, committed 104064K, reserved 1179648K
  class space    used 13686K, committed 14784K, reserved 1048576K
}
Event: 7.532 GC heap before
{Heap before GC invocations=37 (full 0):
 garbage-first heap   total 219136K, used 197442K [0x0000000080000000, 0x0000000100000000)
  region size 1024K, 71 young (72704K), 7 survivors (7168K)
 Metaspace       used 111188K, committed 113408K, reserved 1179648K
  class space    used 14844K, committed 15936K, reserved 1048576K
}
Event: 7.538 GC heap after
{Heap after GC invocations=38 (full 0):
 garbage-first heap   total 219136K, used 132959K [0x0000000080000000, 0x0000000100000000)
  region size 1024K, 3 young (3072K), 3 survivors (3072K)
 Metaspace       used 111188K, committed 113408K, reserved 1179648K
  class space    used 14844K, committed 15936K, reserved 1048576K
}
Event: 7.625 GC heap before
{Heap before GC invocations=38 (full 0):
 garbage-first heap   total 219136K, used 145247K [0x0000000080000000, 0x0000000100000000)
  region size 1024K, 16 young (16384K), 3 survivors (3072K)
 Metaspace       used 112210K, committed 114432K, reserved 1179648K
  class space    used 14968K, committed 16064K, reserved 1048576K
}
Event: 7.627 GC heap after
{Heap after GC invocations=39 (full 0):
 garbage-first heap   total 219136K, used 134762K [0x0000000080000000, 0x0000000100000000)
  region size 1024K, 5 young (5120K), 5 survivors (5120K)
 Metaspace       used 112210K, committed 114432K, reserved 1179648K
  class space    used 14968K, committed 16064K, reserved 1048576K
}
Event: 7.939 GC heap before
{Heap before GC invocations=40 (full 0):
 garbage-first heap   total 227328K, used 202346K [0x0000000080000000, 0x0000000100000000)
  region size 1024K, 70 young (71680K), 5 survivors (5120K)
 Metaspace       used 115697K, committed 117952K, reserved 1179648K
  class space    used 15371K, committed 16512K, reserved 1048576K
}
Event: 7.942 GC heap after
{Heap after GC invocations=41 (full 0):
 garbage-first heap   total 227328K, used 138066K [0x0000000080000000, 0x0000000100000000)
  region size 1024K, 8 young (8192K), 8 survivors (8192K)
 Metaspace       used 115697K, committed 117952K, reserved 1179648K
  class space    used 15371K, committed 16512K, reserved 1048576K
}
Event: 8.407 GC heap before
{Heap before GC invocations=41 (full 0):
 garbage-first heap   total 227328K, used 206674K [0x0000000080000000, 0x0000000100000000)
  region size 1024K, 75 young (76800K), 8 survivors (8192K)
 Metaspace       used 124606K, committed 126912K, reserved 1179648K
  class space    used 16369K, committed 17472K, reserved 1048576K
}
Event: 8.411 GC heap after
{Heap after GC invocations=42 (full 0):
 garbage-first heap   total 227328K, used 142017K [0x0000000080000000, 0x0000000100000000)
  region size 1024K, 10 young (10240K), 10 survivors (10240K)
 Metaspace       used 124606K, committed 126912K, reserved 1179648K
  class space    used 16369K, committed 17472K, reserved 1048576K
}
Event: 8.964 GC heap before
{Heap before GC invocations=42 (full 0):
 garbage-first heap   total 227328K, used 197313K [0x0000000080000000, 0x0000000100000000)
  region size 1024K, 65 young (66560K), 10 survivors (10240K)
 Metaspace       used 133688K, committed 136000K, reserved 1179648K
  class space    used 17192K, committed 18304K, reserved 1048576K
}
Event: 8.968 GC heap after
{Heap after GC invocations=43 (full 0):
 garbage-first heap   total 227328K, used 142990K [0x0000000080000000, 0x0000000100000000)
  region size 1024K, 2 young (2048K), 2 survivors (2048K)
 Metaspace       used 133688K, committed 136000K, reserved 1179648K
  class space    used 17192K, committed 18304K, reserved 1048576K
}
Event: 9.550 GC heap before
{Heap before GC invocations=44 (full 0):
 garbage-first heap   total 240640K, used 214670K [0x0000000080000000, 0x0000000100000000)
  region size 1024K, 69 young (70656K), 2 survivors (2048K)
 Metaspace       used 139387K, committed 141696K, reserved 1179648K
  class space    used 17829K, committed 19008K, reserved 1048576K
}
Event: 9.553 GC heap after
{Heap after GC invocations=45 (full 0):
 garbage-first heap   total 240640K, used 151507K [0x0000000080000000, 0x0000000100000000)
  region size 1024K, 8 young (8192K), 8 survivors (8192K)
 Metaspace       used 139387K, committed 141696K, reserved 1179648K
  class space    used 17829K, committed 19008K, reserved 1048576K
}

